<?xml version="1.0" encoding="UTF-8"?>
<testng-results ignored="0" total="3" passed="3" failed="0" skipped="0">
  <reporter-output>
  </reporter-output>
  <suite started-at="2021-02-19T11:30:30 CET" name="Suite1" finished-at="2021-02-19T11:30:31 CET" duration-ms="679">
    <groups>
    </groups>
    <test started-at="2021-02-19T11:30:30 CET" name="TEST" finished-at="2021-02-19T11:30:31 CET" duration-ms="679">
      <class name="at.ATests">
        <test-method signature="AT1()[pri:0, instance:at.ATests@e041f0c]" started-at="2021-02-19T11:30:31 CET" name="AT1" finished-at="2021-02-19T11:30:31 CET" duration-ms="336" status="PASS">
          <reporter-output>
          </reporter-output>
        </test-method> <!-- AT1 -->
        <test-method signature="AT2()[pri:0, instance:at.ATests@e041f0c]" started-at="2021-02-19T11:30:31 CET" name="AT2" finished-at="2021-02-19T11:30:31 CET" duration-ms="2" status="PASS">
          <reporter-output>
          </reporter-output>
        </test-method> <!-- AT2 -->
        <test-method signature="AT3()[pri:0, instance:at.ATests@e041f0c]" started-at="2021-02-19T11:30:31 CET" name="AT3" finished-at="2021-02-19T11:30:31 CET" duration-ms="3" status="PASS">
          <reporter-output>
          </reporter-output>
        </test-method> <!-- AT3 -->
      </class> <!-- at.ATests -->
    </test> <!-- TEST -->
  </suite> <!-- Suite1 -->
</testng-results>
